<?xml version="1.0" encoding="UTF-8"?>
<testsuite name="com.exampleq1.demoq1.Demoq1ApplicationTests" tests="1" skipped="0" failures="0" errors="0" timestamp="2022-11-02T23:15:28" hostname="MacBook-Pro-de-Martin.local" time="1.113">
  <properties/>
  <testcase name="contextLoads()" classname="com.exampleq1.demoq1.Demoq1ApplicationTests" time="1.113"/>
  <system-out><![CDATA[18:15:00.630 [Test worker] DEBUG org.springframework.test.context.BootstrapUtils - Instantiating CacheAwareContextLoaderDelegate from class [org.springframework.test.context.cache.DefaultCacheAwareContextLoaderDelegate]
18:15:00.655 [Test worker] DEBUG org.springframework.test.context.BootstrapUtils - Instantiating BootstrapContext using constructor [public org.springframework.test.context.support.DefaultBootstrapContext(java.lang.Class,org.springframework.test.context.CacheAwareContextLoaderDelegate)]
18:15:00.765 [Test worker] DEBUG org.springframework.test.context.BootstrapUtils - Instantiating TestContextBootstrapper for test class [com.exampleq1.demoq1.Demoq1ApplicationTests] from class [org.springframework.boot.test.context.SpringBootTestContextBootstrapper]
18:15:00.795 [Test worker] INFO org.springframework.boot.test.context.SpringBootTestContextBootstrapper - Neither @ContextConfiguration nor @ContextHierarchy found for test class [com.exampleq1.demoq1.Demoq1ApplicationTests], using SpringBootContextLoader
18:15:00.802 [Test worker] DEBUG org.springframework.test.context.support.AbstractContextLoader - Did not detect default resource location for test class [com.exampleq1.demoq1.Demoq1ApplicationTests]: class path resource [com/exampleq1/demoq1/Demoq1ApplicationTests-context.xml] does not exist
18:15:00.804 [Test worker] DEBUG org.springframework.test.context.support.AbstractContextLoader - Did not detect default resource location for test class [com.exampleq1.demoq1.Demoq1ApplicationTests]: class path resource [com/exampleq1/demoq1/Demoq1ApplicationTestsContext.groovy] does not exist
18:15:00.807 [Test worker] INFO org.springframework.test.context.support.AbstractContextLoader - Could not detect default resource locations for test class [com.exampleq1.demoq1.Demoq1ApplicationTests]: no resource found for suffixes {-context.xml, Context.groovy}.
18:15:00.809 [Test worker] INFO org.springframework.test.context.support.AnnotationConfigContextLoaderUtils - Could not detect default configuration classes for test class [com.exampleq1.demoq1.Demoq1ApplicationTests]: Demoq1ApplicationTests does not declare any static, non-private, non-final, nested classes annotated with @Configuration.
18:15:00.943 [Test worker] DEBUG org.springframework.test.context.support.ActiveProfilesUtils - Could not find an 'annotation declaring class' for annotation type [org.springframework.test.context.ActiveProfiles] and class [com.exampleq1.demoq1.Demoq1ApplicationTests]
18:15:01.042 [Test worker] DEBUG org.springframework.context.annotation.ClassPathScanningCandidateComponentProvider - Identified candidate component class: file [/Users/martingutierrez/Desktop/demoq1/build/classes/kotlin/main/com/exampleq1/demoq1/Demoq1Application.class]
18:15:01.045 [Test worker] INFO org.springframework.boot.test.context.SpringBootTestContextBootstrapper - Found @SpringBootConfiguration com.exampleq1.demoq1.Demoq1Application for test class com.exampleq1.demoq1.Demoq1ApplicationTests
18:15:01.298 [Test worker] DEBUG org.springframework.boot.test.context.SpringBootTestContextBootstrapper - @TestExecutionListeners is not present for class [com.exampleq1.demoq1.Demoq1ApplicationTests]: using defaults.
18:15:01.300 [Test worker] INFO org.springframework.boot.test.context.SpringBootTestContextBootstrapper - Loaded default TestExecutionListener class names from location [META-INF/spring.factories]: [org.springframework.security.test.context.support.WithSecurityContextTestExecutionListener, org.springframework.security.test.context.support.ReactorContextTestExecutionListener, org.springframework.boot.test.autoconfigure.restdocs.RestDocsTestExecutionListener, org.springframework.boot.test.autoconfigure.web.client.MockRestServiceServerResetTestExecutionListener, org.springframework.boot.test.autoconfigure.web.servlet.MockMvcPrintOnlyOnFailureTestExecutionListener, org.springframework.boot.test.autoconfigure.web.servlet.WebDriverTestExecutionListener, org.springframework.boot.test.autoconfigure.webservices.client.MockWebServiceServerTestExecutionListener, org.springframework.boot.test.mock.mockito.MockitoTestExecutionListener, org.springframework.boot.test.mock.mockito.ResetMocksTestExecutionListener, org.springframework.test.context.web.ServletTestExecutionListener, org.springframework.test.context.support.DirtiesContextBeforeModesTestExecutionListener, org.springframework.test.context.event.ApplicationEventsTestExecutionListener, org.springframework.test.context.support.DependencyInjectionTestExecutionListener, org.springframework.test.context.support.DirtiesContextTestExecutionListener, org.springframework.test.context.transaction.TransactionalTestExecutionListener, org.springframework.test.context.jdbc.SqlScriptsTestExecutionListener, org.springframework.test.context.event.EventPublishingTestExecutionListener]
18:15:01.335 [Test worker] DEBUG org.springframework.boot.test.context.SpringBootTestContextBootstrapper - Skipping candidate TestExecutionListener [org.springframework.test.context.transaction.TransactionalTestExecutionListener] due to a missing dependency. Specify custom listener classes or make the default listener classes and their required dependencies available. Offending class: [org/springframework/transaction/TransactionDefinition]
18:15:01.342 [Test worker] DEBUG org.springframework.boot.test.context.SpringBootTestContextBootstrapper - Skipping candidate TestExecutionListener [org.springframework.test.context.jdbc.SqlScriptsTestExecutionListener] due to a missing dependency. Specify custom listener classes or make the default listener classes and their required dependencies available. Offending class: [org/springframework/transaction/interceptor/TransactionAttribute]
18:15:01.348 [Test worker] INFO org.springframework.boot.test.context.SpringBootTestContextBootstrapper - Using TestExecutionListeners: [org.springframework.test.context.web.ServletTestExecutionListener@31500940, org.springframework.test.context.support.DirtiesContextBeforeModesTestExecutionListener@1827a871, org.springframework.test.context.event.ApplicationEventsTestExecutionListener@48e64352, org.springframework.boot.test.mock.mockito.MockitoTestExecutionListener@7249dadf, org.springframework.boot.test.autoconfigure.SpringBootDependencyInjectionTestExecutionListener@4362d7df, org.springframework.test.context.support.DirtiesContextTestExecutionListener@66238be2, org.springframework.security.test.context.support.WithSecurityContextTestExecutionListener@1c25b8a7, org.springframework.test.context.event.EventPublishingTestExecutionListener@200606de, org.springframework.security.test.context.support.ReactorContextTestExecutionListener@750fe12e, org.springframework.boot.test.autoconfigure.restdocs.RestDocsTestExecutionListener@f8908f6, org.springframework.boot.test.autoconfigure.web.client.MockRestServiceServerResetTestExecutionListener@3e587920, org.springframework.boot.test.autoconfigure.web.servlet.MockMvcPrintOnlyOnFailureTestExecutionListener@2ef8a8c3, org.springframework.boot.test.autoconfigure.web.servlet.WebDriverTestExecutionListener@24f43aa3, org.springframework.boot.test.autoconfigure.webservices.client.MockWebServiceServerTestExecutionListener@63fd4873, org.springframework.boot.test.mock.mockito.ResetMocksTestExecutionListener@1e11bc55]
18:15:01.360 [Test worker] DEBUG org.springframework.test.context.support.AbstractDirtiesContextTestExecutionListener - Before test class: context [DefaultTestContext@65f87a2c testClass = Demoq1ApplicationTests, testInstance = [null], testMethod = [null], testException = [null], mergedContextConfiguration = [WebMergedContextConfiguration@51684e4a testClass = Demoq1ApplicationTests, locations = '{}', classes = '{class com.exampleq1.demoq1.Demoq1Application}', contextInitializerClasses = '[]', activeProfiles = '{}', propertySourceLocations = '{}', propertySourceProperties = '{org.springframework.boot.test.context.SpringBootTestContextBootstrapper=true}', contextCustomizers = set[org.springframework.boot.test.autoconfigure.actuate.metrics.MetricsExportContextCustomizerFactory$DisableMetricExportContextCustomizer@5c42d2b7, org.springframework.boot.test.autoconfigure.properties.PropertyMappingContextCustomizer@0, org.springframework.boot.test.autoconfigure.web.servlet.WebDriverContextCustomizerFactory$Customizer@75b25825, org.springframework.boot.test.context.filter.ExcludeFilterContextCustomizer@57459491, org.springframework.boot.test.json.DuplicateJsonObjectContextCustomizerFactory$DuplicateJsonObjectContextCustomizer@7e22550a, org.springframework.boot.test.mock.mockito.MockitoContextCustomizer@0, org.springframework.boot.test.web.client.TestRestTemplateContextCustomizer@3b7ff809, org.springframework.boot.test.context.SpringBootTestArgs@1, org.springframework.boot.test.context.SpringBootTestWebEnvironment@461ad730], resourceBasePath = 'src/main/webapp', contextLoader = 'org.springframework.boot.test.context.SpringBootContextLoader', parent = [null]], attributes = map['org.springframework.test.context.web.ServletTestExecutionListener.activateListener' -> true]], class annotated with @DirtiesContext [false] with mode [null].

  .   ____          _            __ _ _
 /\\ / ___'_ __ _ _(_)_ __  __ _ \ \ \ \
( ( )\___ | '_ | '_| | '_ \/ _` | \ \ \ \
 \\/  ___)| |_)| | | | | || (_| |  ) ) ) )
  '  |____| .__|_| |_|_| |_\__, | / / / /
 =========|_|==============|___/=/_/_/_/
 :: Spring Boot ::                (v2.7.5)

2022-11-02 18:15:02.156  INFO 41721 --- [    Test worker] c.e.demoq1.Demoq1ApplicationTests        : Starting Demoq1ApplicationTests using Java 11.0.17 on MacBook-Pro-de-Martin.local with PID 41721 (started by martingutierrez in /Users/martingutierrez/Desktop/demoq1)
2022-11-02 18:15:02.171  INFO 41721 --- [    Test worker] c.e.demoq1.Demoq1ApplicationTests        : No active profile set, falling back to 1 default profile: "default"
2022-11-02 18:15:25.112  WARN 41721 --- [    Test worker] .s.s.UserDetailsServiceAutoConfiguration : 

Using generated security password: 2e866a6e-93a2-4ece-a9e4-a4e19366b83d

This generated password is for development use only. Your security configuration must be updated before running your application in production.

2022-11-02 18:15:27.820  INFO 41721 --- [    Test worker] o.s.s.web.DefaultSecurityFilterChain     : Will secure any request with [org.springframework.security.web.session.DisableEncodeUrlFilter@4b9c411, org.springframework.security.web.context.request.async.WebAsyncManagerIntegrationFilter@41e9f86, org.springframework.security.web.context.SecurityContextPersistenceFilter@28a6e171, org.springframework.security.web.header.HeaderWriterFilter@7436364d, org.springframework.security.web.csrf.CsrfFilter@2a0ea492, org.springframework.security.web.authentication.logout.LogoutFilter@1e00bfe2, org.springframework.security.web.authentication.UsernamePasswordAuthenticationFilter@6af65f29, org.springframework.security.web.authentication.ui.DefaultLoginPageGeneratingFilter@29013ef2, org.springframework.security.web.authentication.ui.DefaultLogoutPageGeneratingFilter@66f5b8fe, org.springframework.security.web.authentication.www.BasicAuthenticationFilter@20440c6c, org.springframework.security.web.savedrequest.RequestCacheAwareFilter@30a9e3db, org.springframework.security.web.servletapi.SecurityContextHolderAwareRequestFilter@2f9b21d6, org.springframework.security.web.authentication.AnonymousAuthenticationFilter@233f52f8, org.springframework.security.web.session.SessionManagementFilter@12fcb2c3, org.springframework.security.web.access.ExceptionTranslationFilter@35bd8bc9, org.springframework.security.web.access.intercept.FilterSecurityInterceptor@4d518c66]
2022-11-02 18:15:28.197  INFO 41721 --- [    Test worker] c.e.demoq1.Demoq1ApplicationTests        : Started Demoq1ApplicationTests in 26.743 seconds (JVM running for 29.56)
]]></system-out>
  <system-err><![CDATA[]]></system-err>
</testsuite>
